<?xml version="1.0" encoding="UTF-8"?>
<!-- Generated by org.testng.reporters.JUnitReportReporter -->
<testsuite hostname="EC2AMAZ-S11DBRH" failures="1" tests="1" name="runners.ReRunner" time="5.694" errors="0" timestamp="2024-05-07T04:28:25 GMT" skipped="0">
  <testcase classname="runners.ReRunner" name="runScenario" time="5.694">
    <failure message="expected [Selenium yyutorial - Google Search] but found [Selenium Tutorial - Google Search]" type="java.lang.AssertionError">
      <![CDATA[java.lang.AssertionError: expected [Selenium yyutorial - Google Search] but found [Selenium Tutorial - Google Search]
at org.testng.Assert.fail(Assert.java:99)
at org.testng.Assert.failNotEquals(Assert.java:1037)
at org.testng.Assert.assertEqualsImpl(Assert.java:140)
at org.testng.Assert.assertEquals(Assert.java:122)
at org.testng.Assert.assertEquals(Assert.java:629)
at org.testng.Assert.assertEquals(Assert.java:639)
at stepDefs.GooglePageStepDef.should_display_selenium_tutorial_page(GooglePageStepDef.java:46)
at âœ½.Should display Selenium Tutorial page(file:///C:/Users/Administrator/git/Selenium-Cucumber/src/test/resources/features/GooglePageSearch.feature:33)
]]>
    </failure>
  </testcase> <!-- runScenario -->
  <system-out/>
</testsuite> <!-- runners.ReRunner -->
